
> plansureai-risk-web@0.1.0 build
> next build

▲ Next.js 16.1.1 (Turbopack)
- Environments: .env.local

  Creating an optimized production build ...
✓ Compiled successfully in 2.9s
  Running TypeScript ...
  Collecting page data using 5 workers ...
  Generating static pages using 5 workers (0/6) ...
  Generating static pages using 5 workers (1/6) 
  Generating static pages using 5 workers (2/6) 
  Generating static pages using 5 workers (4/6) 
✓ Generating static pages using 5 workers (6/6) in 811.0ms
  Finalizing page optimization ...

Route (app)
┌ ○ /
├ ○ /_not-found
├ ○ /login
├ ƒ /sites
├ ƒ /sites/[id]
├ ƒ /sites/[id]/lender-summary
└ ƒ /sites/new


○  (Static)   prerendered as static content
ƒ  (Dynamic)  server-rendered on demand

